<?xml version="1.0" encoding="UTF-8"?>
<!-- Generated by org.testng.reporters.JUnitReportReporter -->
<testsuite hostname="test-31da6b5549" name="TestAnt.BuildAnt" tests="1" failures="0" timestamp="14 Aug 2017 14:37:26 GMT" time="0.000" errors="0">
  <testcase name="f" time="0.000" classname="TestAnt.BuildAnt"/>
</testsuite> <!-- TestAnt.BuildAnt -->
