<?xml version="1.0" encoding="UTF-8"?>
<!-- Generated by org.testng.reporters.JUnitReportReporter -->
<testsuite skipped="1" hostname="test-31da6b5549" name="Tasks20170730.Test1" tests="2" failures="0" timestamp="30 七月 2017 03:57:41 GMT" time="4.932" errors="0">
  <testcase name="JsOper" time="4.932" classname="Tasks20170730.Test1"/>
  <testcase name="Operate" classname="Tasks20170730.Test1">
    <skipped/>
  </testcase> <!-- Operate -->
</testsuite> <!-- Tasks20170730.Test1 -->
