<?xml version="1.0" encoding="UTF-8"?>
<!-- Generated by org.testng.reporters.JUnitReportReporter -->
<testsuite skipped="0" hostname="test-31da6b5549" name="Task.Homework20170723" tests="1" failures="0" timestamp="26 十二月 2013 16:31:31 GMT" time="25.398" errors="0">
  <testcase name="Operate" time="25.398" classname="Task.Homework20170723"/>
</testsuite> <!-- Task.Homework20170723 -->
