<?xml version="1.0" encoding="UTF-8"?>
<!-- Generated by org.testng.reporters.JUnitReportReporter -->
<testsuite skipped="11" hostname="test-31da6b5549" name="Task.TestFanpage" tests="12" failures="0" timestamp="30 七月 2017 01:40:58 GMT" time="1.322" errors="1">
  <testcase name="Select" time="1.322" classname="Task.TestFanpage">
    <error type="org.openqa.selenium.support.ui.UnexpectedTagNameException" message="Element should have been &quot;select&quot; but was &quot;div&quot;
Build info: version: &#039;2.48.2&#039;, revision: &#039;41bccdd&#039;, time: &#039;2015-10-09 19:59:12&#039;
System info: host: &#039;test-31da6b5549&#039;, ip: &#039;10.0.2.15&#039;, os.name: &#039;Windows XP&#039;, os.arch: &#039;x86&#039;, os.version: &#039;5.1&#039;, java.version: &#039;1.7.0_79&#039;
Driver info: driver.version: unknown">
      <![CDATA[org.openqa.selenium.support.ui.UnexpectedTagNameException: Element should have been "select" but was "div"
Build info: version: '2.48.2', revision: '41bccdd', time: '2015-10-09 19:59:12'
System info: host: 'test-31da6b5549', ip: '10.0.2.15', os.name: 'Windows XP', os.arch: 'x86', os.version: '5.1', java.version: '1.7.0_79'
Driver info: driver.version: unknown
	at org.openqa.selenium.support.ui.Select.<init>(Select.java:47)
	at Task.TestFanpage.Select(TestFanpage.java:220)
	at sun.reflect.NativeMethodAccessorImpl.invoke0(Native Method)
	at sun.reflect.NativeMethodAccessorImpl.invoke(Unknown Source)
	at sun.reflect.DelegatingMethodAccessorImpl.invoke(Unknown Source)
	at java.lang.reflect.Method.invoke(Unknown Source)
	at org.testng.internal.MethodInvocationHelper.invokeMethod(MethodInvocationHelper.java:108)
	at org.testng.internal.Invoker.invokeMethod(Invoker.java:661)
	at org.testng.internal.Invoker.invokeTestMethod(Invoker.java:869)
	at org.testng.internal.Invoker.invokeTestMethods(Invoker.java:1193)
	at org.testng.internal.TestMethodWorker.invokeTestMethods(TestMethodWorker.java:126)
	at org.testng.internal.TestMethodWorker.run(TestMethodWorker.java:109)
	at org.testng.TestRunner.privateRun(TestRunner.java:744)
	at org.testng.TestRunner.run(TestRunner.java:602)
	at org.testng.SuiteRunner.runTest(SuiteRunner.java:380)
	at org.testng.SuiteRunner.runSequentially(SuiteRunner.java:375)
	at org.testng.SuiteRunner.privateRun(SuiteRunner.java:340)
	at org.testng.SuiteRunner.run(SuiteRunner.java:289)
	at org.testng.SuiteRunnerWorker.runSuite(SuiteRunnerWorker.java:52)
	at org.testng.SuiteRunnerWorker.run(SuiteRunnerWorker.java:86)
	at org.testng.TestNG.runSuitesSequentially(TestNG.java:1301)
	at org.testng.TestNG.runSuitesLocally(TestNG.java:1226)
	at org.testng.TestNG.runSuites(TestNG.java:1144)
	at org.testng.TestNG.run(TestNG.java:1115)
	at org.testng.remote.AbstractRemoteTestNG.run(AbstractRemoteTestNG.java:132)
	at org.testng.remote.RemoteTestNG.initAndRun(RemoteTestNG.java:230)
	at org.testng.remote.RemoteTestNG.main(RemoteTestNG.java:76)
]]>
    </error>
  </testcase> <!-- Select -->
  <testcase name="Prompt" classname="Task.TestFanpage">
    <skipped/>
  </testcase> <!-- Prompt -->
  <testcase name="WindowHandles" classname="Task.TestFanpage">
    <skipped/>
  </testcase> <!-- WindowHandles -->
  <testcase name="TableTry" classname="Task.TestFanpage">
    <skipped/>
  </testcase> <!-- TableTry -->
  <testcase name="Alert" classname="Task.TestFanpage">
    <skipped/>
  </testcase> <!-- Alert -->
  <testcase name="SearchInIE" classname="Task.TestFanpage">
    <skipped/>
  </testcase> <!-- SearchInIE -->
  <testcase name="Confirm" classname="Task.TestFanpage">
    <skipped/>
  </testcase> <!-- Confirm -->
  <testcase name="GetTitles2" classname="Task.TestFanpage">
    <skipped/>
  </testcase> <!-- GetTitles2 -->
  <testcase name="Operate" classname="Task.TestFanpage">
    <skipped/>
  </testcase> <!-- Operate -->
  <testcase name="Frametry" classname="Task.TestFanpage">
    <skipped/>
  </testcase> <!-- Frametry -->
  <testcase name="ActionExe" classname="Task.TestFanpage">
    <skipped/>
  </testcase> <!-- ActionExe -->
  <testcase name="GetTitles" classname="Task.TestFanpage">
    <skipped/>
  </testcase> <!-- GetTitles -->
</testsuite> <!-- Task.TestFanpage -->
