<?xml version="1.0" encoding="UTF-8"?>
<!-- Generated by org.testng.reporters.JUnitReportReporter -->
<testsuite skipped="0" hostname="test-31da6b5549" name="Task.AddUpdateDelete_ManageSystem" tests="1" failures="0" timestamp="26 十二月 2013 03:02:39 GMT" time="0.980" errors="0">
  <testcase name="Operate" time="0.980" classname="Task.AddUpdateDelete_ManageSystem"/>
</testsuite> <!-- Task.AddUpdateDelete_ManageSystem -->
